0 info it worked if it ends with ok
1 verbose cli [ '/usr/local/Cellar/node/7.6.0/bin/node',
1 verbose cli   '/usr/local/bin/npm',
1 verbose cli   'run',
1 verbose cli   'dev' ]
2 info using npm@4.1.2
3 info using node@v7.6.0
4 verbose run-script [ 'predev', 'dev', 'postdev' ]
5 info lifecycle sinatra-react@1.0.0~predev: sinatra-react@1.0.0
6 silly lifecycle sinatra-react@1.0.0~predev: no script for predev, continuing
7 info lifecycle sinatra-react@1.0.0~dev: sinatra-react@1.0.0
8 verbose lifecycle sinatra-react@1.0.0~dev: unsafe-perm in lifecycle true
9 verbose lifecycle sinatra-react@1.0.0~dev: PATH: /usr/local/lib/node_modules/npm/bin/node-gyp-bin:/Users/keoncummings/Documents/projects/sinatra-react/node_modules/.bin:/Users/keoncummings/.rvm/gems/ruby-2.4.0/bin:/Users/keoncummings/.rvm/gems/ruby-2.4.0@global/bin:/Users/keoncummings/.rvm/rubies/ruby-2.4.0/bin:/usr/local/bin:/usr/bin:/bin:/usr/sbin:/sbin:/Users/keoncummings/.rvm/bin
10 verbose lifecycle sinatra-react@1.0.0~dev: CWD: /Users/keoncummings/Documents/projects/sinatra-react
11 silly lifecycle sinatra-react@1.0.0~dev: Args: [ '-c',
11 silly lifecycle   'webpack-dev-server/client?http://0.0.0.0:8080/ --content-base public --inline --hot' ]
12 info lifecycle sinatra-react@1.0.0~dev: Failed to exec dev script
13 verbose stack Error: sinatra-react@1.0.0 dev: `webpack-dev-server/client?http://0.0.0.0:8080/ --content-base public --inline --hot`
13 verbose stack spawn ENOENT
13 verbose stack     at ChildProcess.<anonymous> (/usr/local/lib/node_modules/npm/lib/utils/spawn.js:33:16)
13 verbose stack     at emitTwo (events.js:106:13)
13 verbose stack     at ChildProcess.emit (events.js:192:7)
13 verbose stack     at maybeClose (internal/child_process.js:890:16)
13 verbose stack     at Process.ChildProcess._handle.onexit (internal/child_process.js:226:5)
14 verbose pkgid sinatra-react@1.0.0
15 verbose cwd /Users/keoncummings/Documents/projects/sinatra-react
16 error Darwin 16.6.0
17 error argv "/usr/local/Cellar/node/7.6.0/bin/node" "/usr/local/bin/npm" "run" "dev"
18 error node v7.6.0
19 error npm  v4.1.2
20 error file sh
21 error code ELIFECYCLE
22 error errno ENOENT
23 error syscall spawn
24 error sinatra-react@1.0.0 dev: `webpack-dev-server/client?http://0.0.0.0:8080/ --content-base public --inline --hot`
24 error spawn ENOENT
25 error Failed at the sinatra-react@1.0.0 dev script 'webpack-dev-server/client?http://0.0.0.0:8080/ --content-base public --inline --hot'.
25 error Make sure you have the latest version of node.js and npm installed.
25 error If you do, this is most likely a problem with the sinatra-react package,
25 error not with npm itself.
25 error Tell the author that this fails on your system:
25 error     webpack-dev-server/client?http://0.0.0.0:8080/ --content-base public --inline --hot
25 error You can get information on how to open an issue for this project with:
25 error     npm bugs sinatra-react
25 error Or if that isn't available, you can get their info via:
25 error     npm owner ls sinatra-react
25 error There is likely additional logging output above.
26 verbose exit [ 1, true ]
